  Caixadojogo.cpp
  Caixa_obstaculo.cpp
C:\Users\migue\source\repos\CG\Project1\Caixadojogo.h(1,10): fatal error C1083: Cannot open include file: 'GL/glut.h': No such file or directory
  Circulo.cpp
C:\Users\migue\source\repos\CG\Project1\Caixa_obstaculo.h(1,10): fatal error C1083: Cannot open include file: 'GL/glut.h': No such file or directory
  domino-smash.cpp
C:\Users\migue\source\repos\CG\Project1\Circulo.h(1,10): fatal error C1083: Cannot open include file: 'GL/glut.h': No such file or directory
  Domino.cpp
C:\Users\migue\source\repos\CG\Project1\domino-smash.cpp(1,10): fatal error C1083: Cannot open include file: 'GL/glut.h': No such file or directory
  GlobalVariables.cpp
C:\Users\migue\source\repos\CG\Project1\Domino.h(1,10): fatal error C1083: Cannot open include file: 'GL/glut.h': No such file or directory
  Hitbox.cpp
C:\Users\migue\source\repos\CG\Project1\GlobalVariables.h(1,10): fatal error C1083: Cannot open include file: 'GL/glut.h': No such file or directory
  Menu_caixa.cpp
C:\Users\migue\source\repos\CG\Project1\Hitbox.h(1,10): fatal error C1083: Cannot open include file: 'GL/glut.h': No such file or directory
  Shoot.cpp
C:\Users\migue\source\repos\CG\Project1\Menu_caixa.h(1,10): fatal error C1083: Cannot open include file: 'GL/glut.h': No such file or directory
  Triangulo_obstaculo.cpp
C:\Users\migue\source\repos\CG\Project1\Shoot.cpp(1,10): fatal error C1083: Cannot open include file: 'GL/glut.h': No such file or directory
  Generating Code...
C:\Users\migue\source\repos\CG\Project1\Triangulo_obstaculo.h(1,10): fatal error C1083: Cannot open include file: 'GL/glut.h': No such file or directory
